Base path: /Applications/Unity/Unity.app/Contents
Pipe name: \\.\pipe\UnityShaderCompiler-1--1600638508
Cmd: getPlatforms
Cmd: preprocess
  insize=5136 outsize=2085 ok=1
Cmd: compileSnippet
  api=0 type=0 insize=3355 outsize=743 kw=WATER_REFRACTIVE ok=1
Cmd: compileSnippet
  api=0 type=1 insize=3355 outsize=1055 kw=WATER_REFRACTIVE ok=1
Cmd: preprocess
  insize=12907 outsize=2601 ok=1
Cmd: compileSnippet
  api=0 type=0 insize=10214 outsize=6429 kw=WATER_REFLECTIVE WATER_VERTEX_DISPLACEMENT_ON WATER_EDGEBLEND_ON ok=1
Cmd: compileSnippet
  api=0 type=1 insize=10214 outsize=6 kw=WATER_REFLECTIVE WATER_VERTEX_DISPLACEMENT_ON WATER_EDGEBLEND_ON ok=1
Cmd: compileSnippet
  api=0 type=0 insize=10218 outsize=5120 kw=WATER_REFLECTIVE WATER_VERTEX_DISPLACEMENT_ON WATER_EDGEBLEND_ON ok=1
Cmd: compileSnippet
  api=0 type=1 insize=10218 outsize=6 kw=WATER_REFLECTIVE WATER_VERTEX_DISPLACEMENT_ON WATER_EDGEBLEND_ON ok=1
Cmd: compileSnippet
  api=0 type=0 insize=9960 outsize=566 kw= ok=1
Cmd: compileSnippet
  api=0 type=1 insize=9960 outsize=1094 kw= ok=1
Cmd: preprocess
  insize=12074 outsize=2482 ok=1
Cmd: compileSnippet
  api=0 type=0 insize=9500 outsize=5739 kw=WATER_REFLECTIVE WATER_VERTEX_DISPLACEMENT_ON WATER_EDGEBLEND_ON ok=1
Cmd: compileSnippet
  api=0 type=1 insize=9500 outsize=6 kw=WATER_REFLECTIVE WATER_VERTEX_DISPLACEMENT_ON WATER_EDGEBLEND_ON ok=1
Cmd: compileSnippet
  api=0 type=0 insize=9504 outsize=5083 kw=WATER_REFLECTIVE WATER_VERTEX_DISPLACEMENT_ON WATER_EDGEBLEND_ON ok=1
Cmd: compileSnippet
  api=0 type=1 insize=9504 outsize=6 kw=WATER_REFLECTIVE WATER_VERTEX_DISPLACEMENT_ON WATER_EDGEBLEND_ON ok=1
Cmd: compileSnippet
  api=0 type=0 insize=9246 outsize=543 kw= ok=1
Cmd: compileSnippet
  api=0 type=1 insize=9246 outsize=1094 kw= ok=1
Cmd: preprocess
  insize=2965 outsize=1659 ok=1
Cmd: compileSnippet
  api=0 type=0 insize=1612 outsize=718 kw= ok=1
Cmd: compileSnippet
  api=0 type=1 insize=1612 outsize=733 kw= ok=1
Cmd: preprocess
  insize=5136 outsize=2085 ok=1
Cmd: preprocess
  insize=12907 outsize=2601 ok=1
Cmd: preprocess
  insize=12074 outsize=2482 ok=1
Cmd: preprocess
  insize=2965 outsize=1659 ok=1
End of pipe

Quitting shader compiler process
